0 info it worked if it ends with ok
1 verbose cli [ '/usr/local/bin/node', '/usr/local/bin/npm', 'adduser' ]
2 info using npm@2.14.12
3 info using node@v4.2.4
4 verbose adduser before first PUT { _id: 'org.couchdb.user:retroburst',
4 verbose adduser   name: 'retroburst',
4 verbose adduser   password: 'XXXXX',
4 verbose adduser   email: 'retroburst@gmail.com',
4 verbose adduser   type: 'user',
4 verbose adduser   roles: [],
4 verbose adduser   date: '2016-02-19T08:50:28.342Z' }
5 verbose request uri https://registry.npmjs.org/-/user/org.couchdb.user:retroburst
6 verbose request new user, so can't send auth
7 info attempt registry request try #1 at 5:50:28 PM
8 verbose request id 31f40b8d8165689b
9 http request PUT https://registry.npmjs.org/-/user/org.couchdb.user:retroburst
10 http 400 https://registry.npmjs.org/-/user/org.couchdb.user:retroburst
11 verbose headers { 'content-type': 'application/json',
11 verbose headers   'cache-control': 'max-age=300',
11 verbose headers   'content-length': '57',
11 verbose headers   'accept-ranges': 'bytes',
11 verbose headers   date: 'Fri, 19 Feb 2016 08:50:29 GMT',
11 verbose headers   via: '1.1 varnish',
11 verbose headers   connection: 'keep-alive',
11 verbose headers   'x-served-by': 'cache-nrt6127-NRT',
11 verbose headers   'x-cache': 'MISS',
11 verbose headers   'x-cache-hits': '0',
11 verbose headers   'x-timer': 'S1455871828.756269,VS0,VE617' }
12 verbose request invalidating /Users/retroburst/.npm/registry.npmjs.org/-/user/org.couchdb.user_3Aretroburst on PUT
13 verbose adduser back [ { [Error: Unknown error while authenticating : -/user/org.couchdb.user:retroburst] statusCode: 400, code: 'E400' },
13 verbose adduser   { ok: false, error: 'Unknown error while authenticating' },
13 verbose adduser   '{"ok":false,"error":"Unknown error while authenticating"}' ]
14 verbose stack Error: Unknown error while authenticating : -/user/org.couchdb.user:retroburst
14 verbose stack     at makeError (/usr/local/lib/node_modules/npm/node_modules/npm-registry-client/lib/request.js:264:12)
14 verbose stack     at CachingRegistryClient.<anonymous> (/usr/local/lib/node_modules/npm/node_modules/npm-registry-client/lib/request.js:252:14)
14 verbose stack     at Request._callback (/usr/local/lib/node_modules/npm/node_modules/npm-registry-client/lib/request.js:172:14)
14 verbose stack     at Request.self.callback (/usr/local/lib/node_modules/npm/node_modules/request/request.js:198:22)
14 verbose stack     at emitTwo (events.js:87:13)
14 verbose stack     at Request.emit (events.js:172:7)
14 verbose stack     at Request.<anonymous> (/usr/local/lib/node_modules/npm/node_modules/request/request.js:1082:10)
14 verbose stack     at emitOne (events.js:82:20)
14 verbose stack     at Request.emit (events.js:169:7)
14 verbose stack     at IncomingMessage.<anonymous> (/usr/local/lib/node_modules/npm/node_modules/request/request.js:1009:12)
15 verbose statusCode 400
16 verbose cwd /Users/retroburst/Development/log4js-memory-appender
17 error Darwin 14.5.0
18 error argv "/usr/local/bin/node" "/usr/local/bin/npm" "adduser"
19 error node v4.2.4
20 error npm  v2.14.12
21 error code E400
22 error Unknown error while authenticating : -/user/org.couchdb.user:retroburst
23 error If you need help, you may report this error at:
23 error     <https://github.com/npm/npm/issues>
24 verbose exit [ 1, true ]
